This file contains any messages produced by compilers while
running configure, to aid debugging if configure makes a mistake.

It was created by GNU C Library configure (see version.h), which was
generated by GNU Autoconf 2.69.  Invocation command line was

  $ ../configure --prefix=/home/ubuntu/opencilk-project/cheetah/glibc-2.31/build/install --with-tls --enable-add-ons=nptl

## --------- ##
## Platform. ##
## --------- ##

hostname = ip-172-31-40-112
uname -m = x86_64
uname -r = 5.4.0-1049-aws
uname -s = Linux
uname -v = #51-Ubuntu SMP Wed May 12 21:13:52 UTC 2021

/usr/bin/uname -p = x86_64
/bin/uname -X     = unknown

/bin/arch              = x86_64
/usr/bin/arch -k       = unknown
/usr/convex/getsysinfo = unknown
/usr/bin/hostinfo      = unknown
/bin/machine           = unknown
/usr/bin/oslevel       = unknown
/bin/universe          = unknown

PATH: /usr/local/sbin
PATH: /usr/local/bin
PATH: /usr/sbin
PATH: /usr/bin
PATH: /sbin
PATH: /bin
PATH: /snap/bin


## ----------- ##
## Core tests. ##
## ----------- ##

configure:2214: checking build system type
configure:2228: result: x86_64-pc-linux-gnu
configure:2248: checking host system type
configure:2261: result: x86_64-pc-linux-gnu
configure:2330: checking for gcc
configure:2346: found /usr/bin/gcc
configure:2357: result: gcc
configure:2586: checking for C compiler version
configure:2595: gcc --version >&5
gcc (Ubuntu 9.3.0-17ubuntu1~20.04) 9.3.0
Copyright (C) 2019 Free Software Foundation, Inc.
This is free software; see the source for copying conditions.  There is NO
warranty; not even for MERCHANTABILITY or FITNESS FOR A PARTICULAR PURPOSE.

configure:2606: $? = 0
configure:2595: gcc -v >&5
Using built-in specs.
COLLECT_GCC=gcc
COLLECT_LTO_WRAPPER=/usr/lib/gcc/x86_64-linux-gnu/9/lto-wrapper
OFFLOAD_TARGET_NAMES=nvptx-none:hsa
OFFLOAD_TARGET_DEFAULT=1
Target: x86_64-linux-gnu
Configured with: ../src/configure -v --with-pkgversion='Ubuntu 9.3.0-17ubuntu1~20.04' --with-bugurl=file:///usr/share/doc/gcc-9/README.Bugs --enable-languages=c,ada,c++,go,brig,d,fortran,objc,obj-c++,gm2 --prefix=/usr --with-gcc-major-version-only --program-suffix=-9 --program-prefix=x86_64-linux-gnu- --enable-shared --enable-linker-build-id --libexecdir=/usr/lib --without-included-gettext --enable-threads=posix --libdir=/usr/lib --enable-nls --enable-clocale=gnu --enable-libstdcxx-debug --enable-libstdcxx-time=yes --with-default-libstdcxx-abi=new --enable-gnu-unique-object --disable-vtable-verify --enable-plugin --enable-default-pie --with-system-zlib --with-target-system-zlib=auto --enable-objc-gc=auto --enable-multiarch --disable-werror --with-arch-32=i686 --with-abi=m64 --with-multilib-list=m32,m64,mx32 --enable-multilib --with-tune=generic --enable-offload-targets=nvptx-none=/build/gcc-9-HskZEa/gcc-9-9.3.0/debian/tmp-nvptx/usr,hsa --without-cuda-driver --enable-checking=release --build=x86_64-linux-gnu --host=x86_64-linux-gnu --target=x86_64-linux-gnu
Thread model: posix
gcc version 9.3.0 (Ubuntu 9.3.0-17ubuntu1~20.04) 
configure:2606: $? = 0
configure:2595: gcc -V >&5
gcc: error: unrecognized command line option '-V'
gcc: fatal error: no input files
compilation terminated.
configure:2606: $? = 1
configure:2595: gcc -qversion >&5
gcc: error: unrecognized command line option '-qversion'; did you mean '--version'?
gcc: fatal error: no input files
compilation terminated.
configure:2606: $? = 1
configure:2611: checking for suffix of object files
configure:2633: gcc -c   conftest.c >&5
configure:2637: $? = 0
configure:2658: result: o
configure:2662: checking whether we are using the GNU C compiler
configure:2681: gcc -c   conftest.c >&5
configure:2681: $? = 0
configure:2690: result: yes
configure:2699: checking whether gcc accepts -g
configure:2719: gcc -c -g  conftest.c >&5
configure:2719: $? = 0
configure:2760: result: yes
configure:2880: checking for readelf
configure:2896: found /usr/bin/readelf
configure:2907: result: readelf
configure:2989: checking for g++
configure:3005: found /usr/bin/g++
configure:3016: result: g++
configure:3043: checking for C++ compiler version
configure:3052: g++ --version >&5
g++ (Ubuntu 9.3.0-17ubuntu1~20.04) 9.3.0
Copyright (C) 2019 Free Software Foundation, Inc.
This is free software; see the source for copying conditions.  There is NO
warranty; not even for MERCHANTABILITY or FITNESS FOR A PARTICULAR PURPOSE.

configure:3063: $? = 0
configure:3052: g++ -v >&5
Using built-in specs.
COLLECT_GCC=g++
COLLECT_LTO_WRAPPER=/usr/lib/gcc/x86_64-linux-gnu/9/lto-wrapper
OFFLOAD_TARGET_NAMES=nvptx-none:hsa
OFFLOAD_TARGET_DEFAULT=1
Target: x86_64-linux-gnu
Configured with: ../src/configure -v --with-pkgversion='Ubuntu 9.3.0-17ubuntu1~20.04' --with-bugurl=file:///usr/share/doc/gcc-9/README.Bugs --enable-languages=c,ada,c++,go,brig,d,fortran,objc,obj-c++,gm2 --prefix=/usr --with-gcc-major-version-only --program-suffix=-9 --program-prefix=x86_64-linux-gnu- --enable-shared --enable-linker-build-id --libexecdir=/usr/lib --without-included-gettext --enable-threads=posix --libdir=/usr/lib --enable-nls --enable-clocale=gnu --enable-libstdcxx-debug --enable-libstdcxx-time=yes --with-default-libstdcxx-abi=new --enable-gnu-unique-object --disable-vtable-verify --enable-plugin --enable-default-pie --with-system-zlib --with-target-system-zlib=auto --enable-objc-gc=auto --enable-multiarch --disable-werror --with-arch-32=i686 --with-abi=m64 --with-multilib-list=m32,m64,mx32 --enable-multilib --with-tune=generic --enable-offload-targets=nvptx-none=/build/gcc-9-HskZEa/gcc-9-9.3.0/debian/tmp-nvptx/usr,hsa --without-cuda-driver --enable-checking=release --build=x86_64-linux-gnu --host=x86_64-linux-gnu --target=x86_64-linux-gnu
Thread model: posix
gcc version 9.3.0 (Ubuntu 9.3.0-17ubuntu1~20.04) 
configure:3063: $? = 0
configure:3052: g++ -V >&5
g++: error: unrecognized command line option '-V'
g++: fatal error: no input files
compilation terminated.
configure:3063: $? = 1
configure:3052: g++ -qversion >&5
g++: error: unrecognized command line option '-qversion'; did you mean '--version'?
g++: fatal error: no input files
compilation terminated.
configure:3063: $? = 1
configure:3067: checking whether we are using the GNU C++ compiler
configure:3086: g++ -c   conftest.cpp >&5
configure:3086: $? = 0
configure:3095: result: yes
configure:3104: checking whether g++ accepts -g
configure:3124: g++ -c -g  conftest.cpp >&5
configure:3124: $? = 0
configure:3165: result: yes
configure:3190: checking whether g++ can link programs
configure:3213: g++ -o conftest -g -O2   conftest.cpp  >&5
configure:3213: $? = 0
configure:3236: g++ -o conftest -g -O2   -static conftest.cpp  >&5
configure:3236: $? = 0
configure:3251: result: yes
configure:3790: gcc -c -g -O2  conftest.c >&5
configure:3790: $? = 0
configure:3849: checking for sysdeps preconfigure fragments
configure:6: checking for grep that handles long lines and -e
configure:64: result: /usr/bin/grep
configure:69: checking for egrep
configure:131: result: /usr/bin/grep -E
configure:6: checking for grep that handles long lines and -e
configure:64: result: /usr/bin/grep
configure:69: checking for egrep
configure:131: result: /usr/bin/grep -E
configure:9: checking whether gcc compiles in -mx32 mode by default
configure:27: gcc -c -g -O2  conftest.c >&5
conftest.c:13:3: error: #error not x32
   13 | # error not x32
      |   ^~~~~
configure:27: $? = 1
configure: failed program was:
| /* confdefs.h */
| #define PACKAGE_NAME "GNU C Library"
| #define PACKAGE_TARNAME "glibc"
| #define PACKAGE_VERSION "(see version.h)"
| #define PACKAGE_STRING "GNU C Library (see version.h)"
| #define PACKAGE_BUGREPORT "https://sourceware.org/bugzilla/"
| #define PACKAGE_URL "https://www.gnu.org/software/glibc/"
| #define PKGVERSION "(GNU libc) "
| #define REPORT_BUGS_TO "<https://www.gnu.org/software/libc/bugs.html>"
| #define HAVE_TUNABLES 1
| /* end confdefs.h.  */
| #ifndef __ILP32__
| # error not x32
| #endif
| int
| main ()
| {
| 
|   ;
|   return 0;
| }
configure:34: result: no
configure:3856: result: 
configure:3886: checking for use of fpu sysdeps directories
configure:3905: result: yes
configure:3909: checking for -fstack-protector
configure:3915: gcc -g -O2  -Werror -fstack-protector -xc /dev/null -S -o /dev/null
configure:3918: $? = 0
configure:3926: result: yes
configure:3929: checking for -fstack-protector-strong
configure:3935: gcc -g -O2  -Werror -fstack-protector-strong -xc /dev/null -S -o /dev/null
configure:3938: $? = 0
configure:3946: result: yes
configure:3949: checking for -fstack-protector-all
configure:3955: gcc -g -O2  -Werror -fstack-protector-all -xc /dev/null -S -o /dev/null
configure:3958: $? = 0
configure:3966: result: yes
configure:4009: checking for assembler and linker STT_GNU_IFUNC support

Relocation section '.rela.dyn' at offset 0x248 contains 1 entry:
  Offset          Info           Type           Sym. Value    Sym. Name + Addend
000000002000  000000000025 R_X86_64_IRELATIV                    1000
configure:4040: result: yes
configure:4044: checking for gcc attribute ifunc support
configure:4070: result: yes
configure:4075: checking whether the linker supports textrels along with ifunc
configure:4105: gcc -g -O2   -nostartfiles -nostdlib -fno-stack-protector -pie -o conftest conftest.S
configure:4108: $? = 0
configure:4115: result: yes
configure:4120: checking if compiler warns about alias for function with incompatible types
conftest.c:9:34: error: 'foo_alias' alias between functions of incompatible types 'int(const void *, int)' and 'int (*(void))(const void *, int)' [-Werror=attribute-alias=]
    9 | extern __typeof (__redirect_foo) foo_alias __attribute__ ((alias ("foo")));
      |                                  ^~~~~~~~~
conftest.c:4:28: note: aliased declaration here
    4 | __typeof (__redirect_foo) *foo_impl (void)
      |                            ^~~~~~~~
cc1: all warnings being treated as errors
configure:4142: result: yes
configure:4180: checking sysdep dirs
configure:4377: result: sysdeps/generic
configure:4397: checking for a BSD-compatible install
configure:4465: result: /usr/bin/install -c
configure:4480: checking whether ln -s works
configure:4484: result: yes
configure:4510: checking whether as is GNU as
configure:4524: result: yes
configure:4529: checking whether ld is GNU ld
configure:4543: result: yes
configure:4553: checking for as
configure:4580: result: as
configure:4595: checking version of as
configure:4605: result: 2.34, ok
configure:4683: checking for ld
configure:4710: result: ld
configure:4725: checking version of ld
configure:4735: result: 2.34, ok
configure:4750: checking for gnumake
configure:4780: result: no
configure:4750: checking for gmake
configure:4780: result: no
configure:4750: checking for make
configure:4766: found /usr/bin/make
configure:4777: result: make
configure:4792: checking version of make
configure:4802: result: 4.2.1, ok
configure:4814: checking for gnumsgfmt
configure:4844: result: no
configure:4814: checking for gmsgfmt
configure:4844: result: no
configure:4814: checking for msgfmt
configure:4844: result: no
configure:4877: checking for makeinfo
configure:4907: result: no
configure:4940: checking for sed
configure:4956: found /usr/bin/sed
configure:4967: result: sed
configure:4982: checking version of sed
configure:4992: result: 4.7, ok
configure:5003: checking for gawk
configure:5019: found /usr/bin/gawk
configure:5030: result: gawk
configure:5045: checking version of gawk
configure:5055: result: 5.0.1, ok
configure:5066: checking for bison
configure:5082: found /usr/bin/bison
configure:5093: result: bison
configure:5108: checking version of bison
configure:5118: result: 3.5.1, ok
configure:5126: checking if gcc is sufficient to build libc
configure:5146: gcc -c -g -O2  conftest.c >&5
configure:5146: $? = 0
configure:5153: result: yes
configure:5202: checking for nm
configure:5218: found /usr/bin/nm
configure:5229: result: nm
configure:5327: checking for python3
configure:5343: found /usr/bin/python3
configure:5354: result: python3
configure:5369: checking version of python3
configure:5379: result: 3.8.5, ok
configure:5396: WARNING:
*** These auxiliary programs are missing or incompatible versions: msgfmt makeinfo
*** some features or tests will be disabled.
*** Check the INSTALL file for required versions.
configure:5447: checking LD_LIBRARY_PATH variable
configure:5457: result: ok
configure:5468: checking for bash
configure:5486: found /usr/bin/bash
configure:5499: result: /usr/bin/bash
configure:5510: checking for perl
configure:5528: found /usr/bin/perl
configure:5541: result: /usr/bin/perl
configure:5555: checking for install-info
configure:5574: found /usr/bin/install-info
configure:5587: result: /usr/bin/install-info
configure:5596: checking for .set assembler directive
configure:5622: result: yes
configure:5629: checking linker support for protected data symbol
configure:5639: gcc -nostdlib -nostartfiles -fno-stack-protector -fPIC -shared conftest.c -o conftest.so
configure:5642: $? = 0
configure:5649: gcc -nostdlib -nostartfiles -fno-stack-protector conftest.c -o conftest conftest.so
/usr/bin/ld: warning: cannot find entry symbol _start; defaulting to 0000000000001000
configure:5652: $? = 0
configure:5660: result: yes
configure:5664: checking linker support for INSERT in linker script
configure:5682: gcc -nostdlib -nostartfiles -fno-stack-protector -fPIC -shared conftest.c -Wl,-T,conftest.t -o conftest.so
configure:5685: $? = 0
configure:5692: result: yes
configure:5696: checking for broken __attribute__((alias()))
configure:5711: gcc -Werror -S conftest.c -o conftest.s 1>&5
configure:5714: $? = 0
configure:5724: result: no
configure:5730: checking whether to put _rtld_local into .sdata section
configure:5744: result: no
configure:5751: checking whether to use .ctors/.dtors header and trailer
configure:5768: gcc -g -O2   -fno-stack-protector -o conftest
		       conftest.c -static -nostartfiles -nostdlib
		       1>&5
configure:5771: $? = 0
configure:5797: result: no
configure:5804: checking for libunwind-support in compiler
configure:5821: result: no
configure:5830: checking whether --noexecstack is desirable for .S files
configure:5840: gcc -g -O2 
		   -S -o conftest.s conftest.c 1>&5
configure:5843: $? = 0
configure:5848: gcc  -Wa,--noexecstack
		      -c -o conftest.o conftest.s 1>&5
configure:5851: $? = 0
configure:5860: result: yes
configure:5867: checking for -z combreloc
configure:5881: gcc -g -O2  
			-fPIC -shared -fno-stack-protector -o conftest.so conftest.c
			-nostdlib -nostartfiles
			-Wl,-z,combreloc 1>&5
configure:5884: $? = 0
configure:5897: result: yes
configure:5905: checking for linker that supports -z execstack
configure:5918: gcc -g -O2   -fno-stack-protector
				-Wl,-z,execstack -nostdlib -nostartfiles
				-fPIC -shared -o conftest.so conftest.c
				1>&5
configure:5921: $? = 0
configure:5934: result: yes
configure:5938: checking for linker that supports --no-dynamic-linker
configure:5951: gcc -g -O2   -fno-stack-protector
				-Wl,--no-dynamic-linker -nostdlib -nostartfiles
				-fPIC -shared -o conftest.so conftest.c
				1>&5
configure:5954: $? = 0
configure:5967: result: yes
configure:5972: checking for -static-pie
configure:5978: gcc -static-pie -xc /dev/null -S -o /dev/null
configure:5981: $? = 0
configure:5989: result: yes
configure:5994: checking for -fpie
configure:6000: gcc -fpie -xc /dev/null -S -o /dev/null
configure:6003: $? = 0
configure:6011: result: yes
configure:6016: checking for --hash-style option
configure:6027: gcc -g -O2   -fno-stack-protector
			    -fPIC -shared -o conftest.so conftest.c
			    -Wl,--hash-style=both -nostdlib 1>&5
configure:6030: $? = 0
configure:6039: result: yes
configure:6047: checking for sufficient default -shared layout
configure:6066:   gcc  -shared -o conftest.so conftest.s 1>&5
configure:6069: $? = 0
configure:6101: result: yes
configure:6106: checking for GLOB_DAT reloc
configure:6119: gcc -g -O2  
			-fPIC -shared -o conftest.so conftest.c
			-nostdlib -nostartfiles -fno-stack-protector
			1>&5
configure:6122: $? = 0
configure:6135: result: yes
configure:6139: checking linker output format
configure:6153: result: elf64-x86-64
configure:6157: checking for -fno-toplevel-reorder -fno-section-anchors
configure:6167: gcc -g -O2  -S -fno-toplevel-reorder -fno-section-anchors
			    conftest.c 1>&5
configure:6170: $? = 0
configure:6179: result: yes
configure:6188: checking for -mtls-dialect=gnu2
configure:6202: gcc -g -O2  -S -fPIC -mtls-dialect=gnu2
		   conftest.c 1>&5
configure:6205: $? = 0
configure:6214: result: yes
configure:6220: checking whether cc puts quotes around section names
configure:6241: result: no
configure:6248: checking for __builtin_memset
configure:6260: gcc -O3 -S conftest.c -o - | grep -F memset > /dev/null
configure:6263: $? = 1
configure:6272: result: yes
configure:6279: checking for redirection of built-in functions
configure:6292: gcc -O3 -S conftest.c -o - | grep -F my_strstr > /dev/null
configure:6295: $? = 0
configure:6304: result: yes
configure:6310: checking for compiler option to disable generation of FMA instructions
configure:6318: gcc -ffp-contract=off -xc /dev/null -S -o /dev/null
configure:6321: $? = 0
configure:6327: result: -ffp-contract=off
configure:6360: checking if gcc accepts -fno-tree-loop-distribute-patterns with __attribute__ ((__optimize__))
configure:6373: gcc -g -O2  -c conftest.c
configure:6376: $? = 0
configure:6383: result: yes
configure:6391: checking for libgd
configure:6411: gcc -o conftest -g -O2     conftest.c  -lgd -lpng -lz -lm >&5
conftest.c:20:10: fatal error: gd.h: No such file or directory
   20 | #include <gd.h>
      |          ^~~~~~
compilation terminated.
configure:6411: $? = 1
configure: failed program was:
| /* confdefs.h */
| #define PACKAGE_NAME "GNU C Library"
| #define PACKAGE_TARNAME "glibc"
| #define PACKAGE_VERSION "(see version.h)"
| #define PACKAGE_STRING "GNU C Library (see version.h)"
| #define PACKAGE_BUGREPORT "https://sourceware.org/bugzilla/"
| #define PACKAGE_URL "https://www.gnu.org/software/glibc/"
| #define PKGVERSION "(GNU libc) "
| #define REPORT_BUGS_TO "<https://www.gnu.org/software/libc/bugs.html>"
| #define HAVE_TUNABLES 1
| #define HAVE_CC_NO_STACK_PROTECTOR 1
| #define STACK_PROTECTOR_LEVEL 0
| #define USE_MULTIARCH 1
| #define HAVE_ASM_SET_DIRECTIVE 1
| #define NO_CTORS_DTORS_SECTIONS 1
| #define HAVE_Z_COMBRELOC 1
| #define HAVE_BUILTIN_MEMSET 1
| #define HAVE_CC_INHIBIT_LOOP_TO_LIBCALL 1
| /* end confdefs.h.  */
| #include <gd.h>
| int
| main ()
| {
| gdImagePng (0, 0)
|   ;
|   return 0;
| }
configure:6424: result: no
configure:6433: checking for is_selinux_enabled in -lselinux
configure:6458: gcc -o conftest -g -O2   conftest.c -lselinux   >&5
/usr/bin/ld: cannot find -lselinux
collect2: error: ld returned 1 exit status
configure:6458: $? = 1
configure: failed program was:
| /* confdefs.h */
| #define PACKAGE_NAME "GNU C Library"
| #define PACKAGE_TARNAME "glibc"
| #define PACKAGE_VERSION "(see version.h)"
| #define PACKAGE_STRING "GNU C Library (see version.h)"
| #define PACKAGE_BUGREPORT "https://sourceware.org/bugzilla/"
| #define PACKAGE_URL "https://www.gnu.org/software/glibc/"
| #define PKGVERSION "(GNU libc) "
| #define REPORT_BUGS_TO "<https://www.gnu.org/software/libc/bugs.html>"
| #define HAVE_TUNABLES 1
| #define HAVE_CC_NO_STACK_PROTECTOR 1
| #define STACK_PROTECTOR_LEVEL 0
| #define USE_MULTIARCH 1
| #define HAVE_ASM_SET_DIRECTIVE 1
| #define NO_CTORS_DTORS_SECTIONS 1
| #define HAVE_Z_COMBRELOC 1
| #define HAVE_BUILTIN_MEMSET 1
| #define HAVE_CC_INHIBIT_LOOP_TO_LIBCALL 1
| /* end confdefs.h.  */
| 
| /* Override any GCC internal prototype to avoid an error.
|    Use char because int might match the return type of a GCC
|    builtin and then its argument prototype would still apply.  */
| #ifdef __cplusplus
| extern "C"
| #endif
| char is_selinux_enabled ();
| int
| main ()
| {
| return is_selinux_enabled ();
|   ;
|   return 0;
| }
configure:6467: result: no
configure:6590: checking for _FORTIFY_SOURCE predefine
configure:6609: gcc -c -g -O2  conftest.c >&5
conftest.c: In function 'main':
conftest.c:26:3: error: #error bogon
   26 | # error bogon
      |   ^~~~~
configure:6609: $? = 1
configure: failed program was:
| /* confdefs.h */
| #define PACKAGE_NAME "GNU C Library"
| #define PACKAGE_TARNAME "glibc"
| #define PACKAGE_VERSION "(see version.h)"
| #define PACKAGE_STRING "GNU C Library (see version.h)"
| #define PACKAGE_BUGREPORT "https://sourceware.org/bugzilla/"
| #define PACKAGE_URL "https://www.gnu.org/software/glibc/"
| #define PKGVERSION "(GNU libc) "
| #define REPORT_BUGS_TO "<https://www.gnu.org/software/libc/bugs.html>"
| #define HAVE_TUNABLES 1
| #define HAVE_CC_NO_STACK_PROTECTOR 1
| #define STACK_PROTECTOR_LEVEL 0
| #define USE_MULTIARCH 1
| #define HAVE_ASM_SET_DIRECTIVE 1
| #define NO_CTORS_DTORS_SECTIONS 1
| #define HAVE_Z_COMBRELOC 1
| #define HAVE_BUILTIN_MEMSET 1
| #define HAVE_CC_INHIBIT_LOOP_TO_LIBCALL 1
| /* end confdefs.h.  */
| 
| int
| main ()
| {
| 
| #ifdef _FORTIFY_SOURCE
| # error bogon
| #endif
|   ;
|   return 0;
| }
configure:6616: result: yes
configure:6626: checking whether the linker provides working __ehdr_start
configure:6649: gcc -o conftest -g -O2 -fPIC   -nostdlib -nostartfiles -shared -fno-stack-protector conftest.c  >&5
configure:6649: $? = 0
configure:6665: result: yes
configure:6675: checking for __builtin_trap with no external dependencies
configure:6692: gcc -c -g -O2  conftest.c >&5
configure:6692: $? = 0
libc_undefs=''
configure:6706: result: yes
configure:6720: checking whether the C++ compiler supports thread_local
configure:6748: g++ -c -g -O2 -std=gnu++11  conftest.cpp >&5
configure:6748: $? = 0
configure:6757: result: yes
configure:6787: result: running configure fragment for sysdeps/unix/sysv/linux/x86_64/64
configure:6787: result: running configure fragment for sysdeps/unix/sysv/linux/x86_64
configure:6787: result: running configure fragment for sysdeps/unix/sysv/linux
configure:9: checking installed Linux kernel header files
configure:28: gcc -c -g -O2  conftest.c >&5
configure:28: $? = 0
configure:35: result: 3.2.0 or later
configure:69: checking for kernel header at least 3.2.0
configure:87: gcc -c -g -O2  conftest.c >&5
configure:87: $? = 0
configure:93: result: ok
configure:142: checking for symlinks in /home/ubuntu/opencilk-project/cheetah/glibc-2.31/build/install/include
configure:159: result: ok
configure:6787: result: running configure fragment for sysdeps/gnu
configure:6787: result: running configure fragment for sysdeps/x86_64
configure:4: checking for AVX512DQ support in assembler
configure:13: gcc -c  conftest.s 1>&5
configure:16: $? = 0
configure:24: result: yes
configure:31: checking for AVX512 support
configure:37: gcc -mavx512f -xc /dev/null -S -o /dev/null
configure:40: $? = 0
configure:48: result: yes
configure:57: checking -mprefer-vector-width=128
configure:63: gcc -mprefer-vector-width=128 -xc /dev/null -S -o /dev/null
configure:66: $? = 0
configure:74: result: yes
configure:79: checking for Intel MPX support
configure:88: gcc -c  conftest.s 1>&5
configure:91: $? = 0
configure:99: result: yes
configure:6787: result: running configure fragment for sysdeps/x86
configure:6: checking whether CET can be enabled
configure:17: gcc -c -g -O2 -fcf-protection -include cet.h conftest.c 1>&5
conftest.c:2:16: warning: missing terminating ' character
    2 | # error CET isn't available.
      |                ^
configure:20: $? = 0
configure:28: result: yes
configure:42: checking whether as supports CET
configure:51: gcc -c -g -O2 conftest.s -o conftest.o 1>&5
configure:54: $? = 0
configure:62: result: yes
configure:6850: checking whether -fPIC is default
conftest.c:2:3: error: #error PIC is default.
    2 | # error PIC is default.
      |   ^~~~~
configure:6866: result: yes
configure:6870: checking whether -fPIE is default
conftest.c:2:3: error: #error PIE is default.
    2 | # error PIE is default.
      |   ^~~~~
configure:6886: result: yes
configure:7032: creating ./config.status

## ---------------------- ##
## Running config.status. ##
## ---------------------- ##

This file was extended by GNU C Library config.status (see version.h), which was
generated by GNU Autoconf 2.69.  Invocation command line was

  CONFIG_FILES    = 
  CONFIG_HEADERS  = 
  CONFIG_LINKS    = 
  CONFIG_COMMANDS = 
  $ ./config.status 

on ip-172-31-40-112

config.status:951: creating config.make
config.status:951: creating Makefile
config.status:951: creating config.h
config.status:1125: executing default commands

## ---------------- ##
## Cache variables. ##
## ---------------- ##

ac_cv_build=x86_64-pc-linux-gnu
ac_cv_c_compiler_gnu=yes
ac_cv_cxx_compiler_gnu=yes
ac_cv_env_CCC_set=
ac_cv_env_CCC_value=
ac_cv_env_CC_set=
ac_cv_env_CC_value=
ac_cv_env_CFLAGS_set=
ac_cv_env_CFLAGS_value=
ac_cv_env_CPPFLAGS_set=
ac_cv_env_CPPFLAGS_value=
ac_cv_env_CPP_set=
ac_cv_env_CPP_value=
ac_cv_env_CXXFLAGS_set=
ac_cv_env_CXXFLAGS_value=
ac_cv_env_CXX_set=
ac_cv_env_CXX_value=
ac_cv_env_LDFLAGS_set=
ac_cv_env_LDFLAGS_value=
ac_cv_env_LIBS_set=
ac_cv_env_LIBS_value=
ac_cv_env_build_alias_set=
ac_cv_env_build_alias_value=
ac_cv_env_host_alias_set=
ac_cv_env_host_alias_value=
ac_cv_env_target_alias_set=
ac_cv_env_target_alias_value=
ac_cv_host=x86_64-pc-linux-gnu
ac_cv_lib_selinux_is_selinux_enabled=no
ac_cv_objext=o
ac_cv_path_BASH_SHELL=/usr/bin/bash
ac_cv_path_EGREP='/usr/bin/grep -E'
ac_cv_path_GREP=/usr/bin/grep
ac_cv_path_INSTALL_INFO=/usr/bin/install-info
ac_cv_path_PERL=/usr/bin/perl
ac_cv_path_install='/usr/bin/install -c'
ac_cv_prog_AS=as
ac_cv_prog_AWK=gawk
ac_cv_prog_BISON=bison
ac_cv_prog_LD=ld
ac_cv_prog_MAKE=make
ac_cv_prog_PYTHON_PROG=python3
ac_cv_prog_SED=sed
ac_cv_prog_ac_ct_CC=gcc
ac_cv_prog_ac_ct_CXX=g++
ac_cv_prog_ac_ct_NM=nm
ac_cv_prog_ac_ct_READELF=readelf
ac_cv_prog_cc_g=yes
ac_cv_prog_cxx_g=yes
libc_cv_as_noexecstack=yes
libc_cv_asm_avx512dq=yes
libc_cv_asm_mpx=yes
libc_cv_asm_set_directive=yes
libc_cv_broken_alias_attribute=no
libc_cv_builtin_trap=yes
libc_cv_cc_avx512=yes
libc_cv_cc_loop_to_function=yes
libc_cv_cc_mprefer_vector_width=yes
libc_cv_cc_nofma=-ffp-contract=off
libc_cv_cc_pie_default=yes
libc_cv_cc_with_libunwind=no
libc_cv_compiler_default_cet=yes
libc_cv_compiler_ok=yes
libc_cv_ctors_header=no
libc_cv_cxx_link_ok=yes
libc_cv_cxx_thread_local=yes
libc_cv_ehdr_start=yes
libc_cv_fno_toplevel_reorder=yes
libc_cv_fpie=yes
libc_cv_gcc_builtin_memset=yes
libc_cv_gcc_builtin_redirection=yes
libc_cv_gcc_incompatible_alias=yes
libc_cv_gcc_indirect_function=yes
libc_cv_gcc_unwind_find_fde=no
libc_cv_has_glob_dat=yes
libc_cv_hashstyle=yes
libc_cv_have_sdata_section=no
libc_cv_have_section_quotes=no
libc_cv_idn=no
libc_cv_insert=yes
libc_cv_ld_gnu_indirect_function=yes
libc_cv_linux320='3.2.0 or later'
libc_cv_localstatedir='${prefix}/var'
libc_cv_mtls_dialect_gnu2=yes
libc_cv_multidir=.
libc_cv_no_dynamic_linker=yes
libc_cv_nss_crypt=no
libc_cv_output_format=elf64-x86-64
libc_cv_pic_default=yes
libc_cv_pie_default=yes
libc_cv_predef_fortify_source=yes
libc_cv_prog_as_gnu=yes
libc_cv_prog_ld_gnu=yes
libc_cv_protected_data=yes
libc_cv_ssp=yes
libc_cv_ssp_all=yes
libc_cv_ssp_strong=yes
libc_cv_static_nss_crypt=no
libc_cv_static_pie=yes
libc_cv_sysconfdir='${prefix}/etc'
libc_cv_textrel_ifunc=yes
libc_cv_use_default_link=yes
libc_cv_with_fp=yes
libc_cv_x32=no
libc_cv_x86_cet_as=yes
libc_cv_x86_cet_available=yes
libc_cv_z_combreloc=yes
libc_cv_z_execstack=yes

## ----------------- ##
## Output variables. ##
## ----------------- ##

AR='ar'
AS='as'
ASFLAGS_config=' -Wa,--noexecstack'
AUTOCONF='no'
AWK='gawk'
BASH_SHELL='/usr/bin/bash'
BISON='bison'
BUILD_CC=''
CC='gcc'
CFLAGS='-g -O2'
CPP='gcc -E'
CPPFLAGS=''
CPPUNDEFS='-U_FORTIFY_SOURCE'
CXX='g++'
CXXFLAGS='-g -O2'
CXX_BITS_STD_ABS_H='/usr/include/c++/9/bits/std_abs.h'
CXX_CMATH_HEADER='/usr/include/c++/9/cmath'
CXX_CSTDLIB_HEADER='/usr/include/c++/9/cstdlib'
CXX_SYSINCLUDES=''
DEFINES=''
DEFS='-DHAVE_CONFIG_H'
ECHO_C=''
ECHO_N='-n'
ECHO_T=''
GPROF='gprof'
INSTALL_DATA='${INSTALL} -m 644'
INSTALL_INFO='/usr/bin/install-info'
INSTALL_PROGRAM='${INSTALL}'
INSTALL_SCRIPT='${INSTALL}'
LD='ld'
LDFLAGS=''
LIBGD='no'
LIBOBJS=''
LIBS=''
LN_S='ln -s'
LTLIBOBJS=''
MAKE='make'
MAKEINFO=':'
MSGFMT=':'
NM='nm'
OBJCOPY='objcopy'
OBJDUMP='objdump'
OBJEXT='o'
PACKAGE_BUGREPORT='https://sourceware.org/bugzilla/'
PACKAGE_NAME='GNU C Library'
PACKAGE_STRING='GNU C Library (see version.h)'
PACKAGE_TARNAME='glibc'
PACKAGE_URL='https://www.gnu.org/software/glibc/'
PACKAGE_VERSION='(see version.h)'
PATH_SEPARATOR=':'
PERL='/usr/bin/perl'
PKGVERSION='(GNU libc) '
PKGVERSION_TEXI='(GNU libc) '
PYTHON='python3 -B'
PYTHON_PROG='python3'
READELF='readelf'
RELEASE='stable'
REPORT_BUGS_TEXI='@uref{https://www.gnu.org/software/libc/bugs.html}'
REPORT_BUGS_TO='<https://www.gnu.org/software/libc/bugs.html>'
SED='sed'
SHELL='/bin/bash'
SYSINCLUDES=''
VERSION='2.31'
ac_ct_CC='gcc'
ac_ct_CXX='g++'
all_warnings=''
base_machine='x86_64'
bindir='${exec_prefix}/bin'
bindnow='no'
build='x86_64-pc-linux-gnu'
build_alias=''
build_cpu='x86_64'
build_crypt='yes'
build_nscd='yes'
build_obsolete_nsl='no'
build_os='linux-gnu'
build_pt_chown='no'
build_vendor='pc'
cross_compiling='no'
datadir='${datarootdir}'
datarootdir='${prefix}/share'
docdir='${datarootdir}/doc/${PACKAGE_TARNAME}'
dvidir='${docdir}'
enable_timezone_tools='yes'
enable_werror='yes'
exec_prefix='${prefix}'
experimental_malloc='yes'
extra_nonshared_cflags=''
fno_unit_at_a_time='-fno-toplevel-reorder -fno-section-anchors'
force_install='yes'
hardcoded_path_in_tests='no'
have_libaudit=''
have_libcap=''
have_selinux='no'
have_tunables='yes'
host='x86_64-pc-linux-gnu'
host_alias=''
host_cpu='x86_64'
host_os='linux-gnu'
host_vendor='pc'
htmldir='${docdir}'
includedir='${prefix}/include'
infodir='${datarootdir}/info'
ldd_rewrite_script='sysdeps/unix/sysv/linux/x86_64/ldd-rewrite.sed'
libc_cv_cc_loop_to_function='yes'
libc_cv_cc_nofma='-ffp-contract=off'
libc_cv_cc_pie_default='yes'
libc_cv_cc_submachine=''
libc_cv_cc_with_libunwind='no'
libc_cv_complocaledir=''
libc_cv_cxx_thread_local='yes'
libc_cv_fpie='yes'
libc_cv_gcc_unwind_find_fde='no'
libc_cv_has_glob_dat='yes'
libc_cv_hashstyle='yes'
libc_cv_insert='yes'
libc_cv_localstatedir='${prefix}/var'
libc_cv_mtls_dialect_gnu2='yes'
libc_cv_multidir='.'
libc_cv_nss_crypt='no'
libc_cv_output_format='elf64-x86-64'
libc_cv_pic_default='yes'
libc_cv_pie_default='yes'
libc_cv_protected_data='yes'
libc_cv_rootsbindir=''
libc_cv_rtlddir=''
libc_cv_slibdir=''
libc_cv_ssp='yes'
libc_cv_static_nss_crypt='no'
libc_cv_sysconfdir='${prefix}/etc'
libc_cv_textrel_ifunc='yes'
libc_cv_with_fp='yes'
libc_cv_z_combreloc='yes'
libc_cv_z_execstack='yes'
libc_extra_cflags=''
libc_extra_cppflags=''
libdir='${exec_prefix}/lib'
libexecdir='${exec_prefix}/libexec'
link_obsolete_rpc='no'
localedir='${datarootdir}/locale'
localstatedir='${prefix}/var'
mach_interface_list=''
mandir='${datarootdir}/man'
multi_arch='default'
no_stack_protector='-fno-stack-protector -DSTACK_PROTECTOR_LEVEL=0'
oldincludedir='/usr/include'
pdfdir='${docdir}'
prefix='/home/ubuntu/opencilk-project/cheetah/glibc-2.31/build/install'
profile='no'
program_transform_name='s,x,x,'
psdir='${docdir}'
sbindir='${exec_prefix}/sbin'
shared='yes'
sharedstatedir='${prefix}/com'
stack_protector='-fno-stack-protector'
static=''
static_nss='no'
subdirs=' '
submachine=''
sysconfdir='${prefix}/etc'
sysheaders=''
sysnames=' sysdeps/unix/sysv/linux/x86_64/64 sysdeps/unix/sysv/linux/x86_64 sysdeps/unix/sysv/linux/x86 sysdeps/x86/nptl sysdeps/unix/sysv/linux/wordsize-64 sysdeps/x86_64/nptl sysdeps/unix/sysv/linux sysdeps/nptl sysdeps/pthread sysdeps/gnu sysdeps/unix/inet sysdeps/unix/sysv sysdeps/unix/x86_64 sysdeps/unix sysdeps/posix sysdeps/x86_64/64 sysdeps/x86_64/fpu/multiarch sysdeps/x86_64/fpu sysdeps/x86/fpu sysdeps/x86_64/multiarch sysdeps/x86_64 sysdeps/x86 sysdeps/ieee754/float128 sysdeps/ieee754/ldbl-96 sysdeps/ieee754/dbl-64/wordsize-64 sysdeps/ieee754/dbl-64 sysdeps/ieee754/flt-32 sysdeps/wordsize-64 sysdeps/ieee754 sysdeps/generic'
target_alias=''
use_default_link='yes'
use_ldconfig='yes'
use_nscd='yes'

## ----------- ##
## confdefs.h. ##
## ----------- ##

/* confdefs.h */
#define PACKAGE_NAME "GNU C Library"
#define PACKAGE_TARNAME "glibc"
#define PACKAGE_VERSION "(see version.h)"
#define PACKAGE_STRING "GNU C Library (see version.h)"
#define PACKAGE_BUGREPORT "https://sourceware.org/bugzilla/"
#define PACKAGE_URL "https://www.gnu.org/software/glibc/"
#define PKGVERSION "(GNU libc) "
#define REPORT_BUGS_TO "<https://www.gnu.org/software/libc/bugs.html>"
#define HAVE_TUNABLES 1
#define HAVE_CC_NO_STACK_PROTECTOR 1
#define STACK_PROTECTOR_LEVEL 0
#define USE_MULTIARCH 1
#define HAVE_ASM_SET_DIRECTIVE 1
#define NO_CTORS_DTORS_SECTIONS 1
#define HAVE_Z_COMBRELOC 1
#define HAVE_BUILTIN_MEMSET 1
#define HAVE_CC_INHIBIT_LOOP_TO_LIBCALL 1
#define HAVE_EHDR_START 1
#define HAVE_BUILTIN_TRAP 1
#define __LINUX_KERNEL_VERSION (3 * 65536 + 2 * 256 + 0)
#define __ABI_TAG_VERSION 3,2,0
#define HAVE_INLINED_SYSCALLS 1
#define HAVE_AVX512DQ_ASM_SUPPORT 1
#define HAVE_AVX512_SUPPORT 1
#define HAVE_MPX_SUPPORT 1
#define PI_STATIC_AND_HIDDEN 1
#define HAVE_IFUNC 1
#define HAVE_GCC_IFUNC 1
#define USE_NSCD 1
#define USE_LDCONFIG 1

configure: exit 0
